<?xml version="1.0" encoding="UTF-8"?>
<!-- Generated by org.testng.reporters.JUnitXMLReporter -->
<testsuite ignored="0" hostname="ARORASPF142TGR" failures="0" tests="3" name="Surefire test" time="0.042" errors="0" timestamp="2021-04-12T12:27:58 IST">
  <testcase classname="qaclickacademy.MavenJava.AppiumTest" name="AppiumTest_1" time="0.005"/>
  <testcase classname="qaclickacademy.MavenJava.SeleniumTest" name="SeleniumTest_1" time="0.0"/>
  <testcase classname="qaclickacademy.MavenJava.SeleniumTest" name="SeleniumTest_2" time="0.0"/>
</testsuite> <!-- Surefire test -->
