<?xml version="1.0" encoding="UTF-8"?>
<testng-results ignored="0" total="3" passed="3" failed="0" skipped="0">
  <reporter-output>
  </reporter-output>
  <suite started-at="2021-04-12T12:27:58 IST" name="Surefire suite" finished-at="2021-04-12T12:27:58 IST" duration-ms="42">
    <groups>
    </groups>
    <test started-at="2021-04-12T12:27:58 IST" name="Surefire test" finished-at="2021-04-12T12:27:58 IST" duration-ms="42">
      <class name="qaclickacademy.MavenJava.SeleniumTest">
        <test-method signature="SeleniumTest_1()[pri:0, instance:qaclickacademy.MavenJava.SeleniumTest@62ddbd7e]" started-at="2021-04-12T12:27:58 IST" name="SeleniumTest_1" finished-at="2021-04-12T12:27:58 IST" duration-ms="0" status="PASS">
          <reporter-output>
          </reporter-output>
        </test-method> <!-- SeleniumTest_1 -->
        <test-method signature="SeleniumTest_2()[pri:0, instance:qaclickacademy.MavenJava.SeleniumTest@62ddbd7e]" started-at="2021-04-12T12:27:58 IST" name="SeleniumTest_2" finished-at="2021-04-12T12:27:58 IST" duration-ms="0" status="PASS">
          <reporter-output>
          </reporter-output>
        </test-method> <!-- SeleniumTest_2 -->
      </class> <!-- qaclickacademy.MavenJava.SeleniumTest -->
      <class name="qaclickacademy.MavenJava.AppiumTest">
        <test-method signature="AppiumTest_1()[pri:0, instance:qaclickacademy.MavenJava.AppiumTest@1f2586d6]" started-at="2021-04-12T12:27:58 IST" name="AppiumTest_1" finished-at="2021-04-12T12:27:58 IST" duration-ms="5" status="PASS">
          <reporter-output>
          </reporter-output>
        </test-method> <!-- AppiumTest_1 -->
      </class> <!-- qaclickacademy.MavenJava.AppiumTest -->
    </test> <!-- Surefire test -->
  </suite> <!-- Surefire suite -->
</testng-results>
