<?xml version="1.0" encoding="UTF-8"?>
<testng-results ignored="0" total="2" passed="2" failed="0" skipped="0">
  <reporter-output>
  </reporter-output>
  <suite started-at="2021-04-12T13:15:42 IST" name="Suite" finished-at="2021-04-12T13:15:42 IST" duration-ms="29">
    <groups>
    </groups>
    <test started-at="2021-04-12T13:15:42 IST" name="Test" finished-at="2021-04-12T13:15:42 IST" duration-ms="29">
      <class name="qaclickacademy.MavenJava.SeleniumTest">
        <test-method signature="SeleniumTest_1()[pri:0, instance:qaclickacademy.MavenJava.SeleniumTest@378542de]" started-at="2021-04-12T13:15:42 IST" name="SeleniumTest_1" finished-at="2021-04-12T13:15:42 IST" duration-ms="3" status="PASS">
          <reporter-output>
          </reporter-output>
        </test-method> <!-- SeleniumTest_1 -->
        <test-method signature="SeleniumTest_2()[pri:0, instance:qaclickacademy.MavenJava.SeleniumTest@378542de]" started-at="2021-04-12T13:15:42 IST" name="SeleniumTest_2" finished-at="2021-04-12T13:15:42 IST" duration-ms="0" status="PASS">
          <reporter-output>
          </reporter-output>
        </test-method> <!-- SeleniumTest_2 -->
      </class> <!-- qaclickacademy.MavenJava.SeleniumTest -->
    </test> <!-- Test -->
  </suite> <!-- Suite -->
</testng-results>
