<?xml version="1.0" encoding="UTF-8"?>
<testsuite xmlns:xsi="http://www.w3.org/2001/XMLSchema-instance" xsi:noNamespaceSchemaLocation="https://maven.apache.org/surefire/maven-surefire-plugin/xsd/surefire-test-report-3.0.xsd" version="3.0" name="TestSuite" time="0.485" tests="2" errors="0" skipped="0" failures="0">
  <properties>
[...]
</properties>
  <testcase name="SeleniumTest_1" classname="qaclickacademy.MavenJava.SeleniumTest" time="0.004">
    <system-out><![CDATA[SeleniumTest_1
]]></system-out>
  </testcase>
  <testcase name="SeleniumTest_2" classname="qaclickacademy.MavenJava.SeleniumTest" time="0.001">
    <system-out><![CDATA[SeleniumTest_2
]]></system-out>
  </testcase>
</testsuite>